15:05:33 **** Incremental Build of configuration Debug for project 1a_ADC_Multichannel ****
make -j24 all 
arm-none-eabi-gcc -o "1a_ADC_Multichannel.elf" @"objects.list"   -mcpu=cortex-m4 -T"D:\Thykloop\WS\1a_ADC_Multichannel\STM32F401RCTX_FLASH.ld" --specs=nosys.specs -Wl,-Map="1a_ADC_Multichannel.map" -Wl,--gc-sections -static --specs=nano.specs -mfpu=fpv4-sp-d16 -mfloat-abi=hard -mthumb -Wl,--start-group -lc -lm -Wl,--end-group
C:/ST/STM32CubeIDE_1.15.0/STM32CubeIDE/plugins/com.st.stm32cube.ide.mcu.externaltools.gnu-tools-for-stm32.12.3.rel1.win32_1.0.100.202403111256/tools/bin/../lib/gcc/arm-none-eabi/12.3.1/../../../../arm-none-eabi/bin/ld.exe: ./Core/Startup/startup_stm32f401rctx.o: in function `Reset_Handler':
D:/Thykloop/WS/1a_ADC_Multichannel/Debug/../Core/Startup/startup_stm32f401rctx.s:100: undefined reference to `main'
collect2.exe: error: ld returned 1 exit status
make: *** [makefile:64: 1a_ADC_Multichannel.elf] Error 1
"make -j24 all" terminated with exit code 2. Build might be incomplete.

15:05:33 Build Failed. 2 errors, 0 warnings. (took 431ms)

